\BOOKMARK [1][-]{section.1}{}{}
\BOOKMARK [1][-]{section.2}{}{}
\BOOKMARK [2][-]{subsection.2.1}{- 7.1 }{section.2}
\BOOKMARK [3][-]{subsubsection.2.1.1}{-7.1.1 }{subsection.2.1}
\BOOKMARK [3][-]{subsubsection.2.1.2}{-7.1.2 }{subsection.2.1}
\BOOKMARK [2][-]{subsection.2.2}{7.2 }{section.2}
\BOOKMARK [3][-]{subsubsection.2.2.1}{-7.2.1 }{subsection.2.2}
\BOOKMARK [2][-]{subsection.2.3}{-7.3}{section.2}
\BOOKMARK [3][-]{subsubsection.2.3.1}{-7.3.1 runqueue}{subsection.2.3}
\BOOKMARK [3][-]{subsubsection.2.3.2}{-7.3.2 }{subsection.2.3}
\BOOKMARK [2][-]{subsection.2.4}{-7.4 }{section.2}
\BOOKMARK [3][-]{subsubsection.2.4.1}{-7.4.1 scheduler\137tick\(\)}{subsection.2.4}
\BOOKMARK [3][-]{subsubsection.2.4.2}{-7.4.2 try\137to\137wake\137up\(\) }{subsection.2.4}
\BOOKMARK [3][-]{subsubsection.2.4.3}{-7.4.3 recalc\137task\137prio\(\) }{subsection.2.4}
\BOOKMARK [3][-]{subsubsection.2.4.4}{-7.4.4 schedule\(\)}{subsection.2.4}
\BOOKMARK [2][-]{subsection.2.5}{-7.4 }{section.2}
\BOOKMARK [3][-]{subsubsection.2.5.1}{-7.5.1 }{subsection.2.5}
\BOOKMARK [3][-]{subsubsection.2.5.2}{-7.5.2 rebalance\137tick\(\)}{subsection.2.5}
\BOOKMARK [3][-]{subsubsection.2.5.3}{-7.5.3 load\137balance\(\) }{subsection.2.5}
\BOOKMARK [3][-]{subsubsection.2.5.4}{-7.5.4 move\137tasks\(\)}{subsection.2.5}
\BOOKMARK [2][-]{subsection.2.6}{-7.6 }{section.2}
\BOOKMARK [3][-]{subsubsection.2.6.1}{-7.6.1 nice\(\) }{subsection.2.6}
\BOOKMARK [3][-]{subsubsection.2.6.2}{-7.6.2 getpriority\(\) setpriority\(\)}{subsection.2.6}
\BOOKMARK [3][-]{subsubsection.2.6.3}{-7.6.3 sched\137get\(SET\)AFFINITY\(\)}{subsection.2.6}
\BOOKMARK [3][-]{subsubsection.2.6.4}{-7.6.4 }{subsection.2.6}
\BOOKMARK [1][-]{section.3}{other}{}
\BOOKMARK [2][-]{subsection.3.1}{effectiveprio\(\)}{section.3}
\BOOKMARK [2][-]{subsection.3.2}{NICE AND PRIO}{section.3}
\BOOKMARK [1][-]{section.4}{all function in sched.c}{}
\BOOKMARK [2][-]{subsection.4.1}{taskrqunlock\(\)}{section.4}
